<?xml version="1.0" encoding="UTF-8"?>
<testsuite xmlns:xsi="http://www.w3.org/2001/XMLSchema-instance" xsi:noNamespaceSchemaLocation="https://maven.apache.org/surefire/maven-surefire-plugin/xsd/surefire-test-report-3.0.xsd" version="3.0" name="org.eql.MySecondProject.AppTest" time="4.364" tests="1" errors="0" skipped="0" failures="0">
  <properties>
[...]
</properties>
  <testcase name="test2" classname="org.eql.MySecondProject.AppTest" time="4.357">
    <system-out><![CDATA[********** DEBUT DU TEST 2 **********
********** Creer une nouvelle instance de WsdlProject en specifiant le chemin absolu du projet SoapUI **********
16:04:24,118 INFO  [DefaultSoapUICore] initialized soapui-settings from [C:\Users\kouchtar\soapui-settings.xml]
16:04:25,739 INFO  [PluginManager] 0 plugins loaded in 3 ms
16:04:25,739 INFO  [DefaultSoapUICore] All plugins loaded
16:04:26,551 INFO  [WsdlProject] Loaded project from [file:/C:/Users/kouchtar/eclipse-workspace/MySecondProject/src/test/resources/Projet-SOAP-TP-soapui-project.xml]
********** Recupere tous les TestSuites inclus dans le projet SoapUI **********
********** Iteration sur tous les TestSuites du projet **********
*********** Running TestSuite ***********
*********** Running FindPerson TestCase ***********
16:04:26,912 DEBUG [HttpClientSupport$SoapUIHttpClient] Attempt 1 to execute request
16:04:26,912 DEBUG [SoapUIMultiThreadedHttpConnectionManager$SoapUIDefaultClientConnection] Sending request: POST /csp/samples/SOAP.Demo.cls HTTP/1.1
16:04:27,053 DEBUG [SoapUIMultiThreadedHttpConnectionManager$SoapUIDefaultClientConnection] Receiving response: HTTP/1.1 200 OK
16:04:27,077 DEBUG [HttpClientSupport$SoapUIHttpClient] Connection can be kept alive indefinitely
Progress: 1 - Loading Definition from cache
16:04:27,151 DEBUG [AbstractDefinitionContext] Loading Definition...
16:04:27,165 DEBUG [WsdlInterfaceDefinition] Loading WSDL: https://www.crcind.com/csp/samples/SOAP.Demo.CLS?WSDL=1
16:04:27,166 DEBUG [AbstractWsdlDefinitionLoader] Returning baseInputSource [https://www.crcind.com/csp/samples/SOAP.Demo.CLS?WSDL=1]
Retrieving document at 'https://www.crcind.com/csp/samples/SOAP.Demo.CLS?WSDL=1'.
Retrieving schema at 'https://www.crcind.com:443/csp/samples/SOAP.ByNameDataSet.cls?XSD', relative to 'https://www.crcind.com/csp/samples/SOAP.Demo.CLS?WSDL=1'.
16:04:27,268 DEBUG [AbstractWsdlDefinitionLoader] Returning latest import URI [https://www.crcind.com:443/csp/samples/SOAP.ByNameDataSet.cls?XSD]
Retrieving schema at 'https://www.crcind.com:443/csp/samples/SOAP.Demo.QueryByName.DS.cls?XSD', relative to 'https://www.crcind.com/csp/samples/SOAP.Demo.CLS?WSDL=1'.
16:04:27,272 DEBUG [AbstractWsdlDefinitionLoader] Returning latest import URI [https://www.crcind.com:443/csp/samples/SOAP.Demo.QueryByName.DS.cls?XSD]
16:04:27,293 INFO  [SchemaUtils] Added default schema from file:/C:/Program%20Files/SmartBear/SoapUI-5.4.0/bin/soapui-5.4.0.jar!/com/eviware/soapui/resources/xsds/xop.xsd with targetNamespace http://www.w3.org/2004/08/xop/include
16:04:27,316 INFO  [SchemaUtils] Added default schema from file:/C:/Program%20Files/SmartBear/SoapUI-5.4.0/bin/soapui-5.4.0.jar!/com/eviware/soapui/resources/xsds/XMLSchema.xsd with targetNamespace http://www.w3.org/2001/XMLSchema
16:04:27,318 INFO  [SchemaUtils] Added default schema from file:/C:/Program%20Files/SmartBear/SoapUI-5.4.0/bin/soapui-5.4.0.jar!/com/eviware/soapui/resources/xsds/xml.xsd with targetNamespace http://www.w3.org/XML/1998/namespace
16:04:27,320 INFO  [SchemaUtils] Added default schema from file:/C:/Program%20Files/SmartBear/SoapUI-5.4.0/bin/soapui-5.4.0.jar!/com/eviware/soapui/resources/xsds/swaref.xsd with targetNamespace http://ws-i.org/profiles/basic/1.1/xsd
16:04:27,321 INFO  [SchemaUtils] Added default schema from file:/C:/Program%20Files/SmartBear/SoapUI-5.4.0/bin/soapui-5.4.0.jar!/com/eviware/soapui/resources/xsds/xmime200505.xsd with targetNamespace http://www.w3.org/2005/05/xmlmime
16:04:27,322 INFO  [SchemaUtils] Added default schema from file:/C:/Program%20Files/SmartBear/SoapUI-5.4.0/bin/soapui-5.4.0.jar!/com/eviware/soapui/resources/xsds/xmime200411.xsd with targetNamespace http://www.w3.org/2004/11/xmlmime
16:04:27,324 INFO  [SchemaUtils] Added default schema from file:/C:/Program%20Files/SmartBear/SoapUI-5.4.0/bin/soapui-5.4.0.jar!/com/eviware/soapui/resources/xsds/soapEnvelope.xsd with targetNamespace http://schemas.xmlsoap.org/soap/envelope/
16:04:27,327 INFO  [SchemaUtils] Added default schema from file:/C:/Program%20Files/SmartBear/SoapUI-5.4.0/bin/soapui-5.4.0.jar!/com/eviware/soapui/resources/xsds/soapEncoding.xsd with targetNamespace http://schemas.xmlsoap.org/soap/encoding/
16:04:27,329 INFO  [SchemaUtils] Added default schema from file:/C:/Program%20Files/SmartBear/SoapUI-5.4.0/bin/soapui-5.4.0.jar!/com/eviware/soapui/resources/xsds/soapEnvelope12.xsd with targetNamespace http://www.w3.org/2003/05/soap-envelope
16:04:27,332 INFO  [SchemaUtils] Added default schema from file:/C:/Program%20Files/SmartBear/SoapUI-5.4.0/bin/soapui-5.4.0.jar!/com/eviware/soapui/resources/xsds/soapEncoding12.xsd with targetNamespace http://www.w3.org/2003/05/soap-encoding
16:04:27,333 INFO  [SchemaUtils] Loading schema types from [https://www.crcind.com/csp/samples/SOAP.Demo.CLS?WSDL=1]
16:04:27,334 INFO  [SchemaUtils] Getting schema https://www.crcind.com/csp/samples/SOAP.Demo.CLS?WSDL=1
16:04:27,360 INFO  [SchemaUtils] Getting schema https://www.crcind.com:443/csp/samples/SOAP.ByNameDataSet.cls?XSD
16:04:27,361 INFO  [SchemaUtils] Getting schema https://www.crcind.com:443/csp/samples/SOAP.Demo.QueryByName.DS.cls?XSD
16:04:27,692 DEBUG [AbstractDefinitionContext] Loaded Definition: ok
********** LE TEST FindPerson TestCase S'EST TERMINE AVEC SUCCES **********
*********** Running GetByName TestCase ***********
16:04:27,730 DEBUG [HttpClientSupport$SoapUIHttpClient] Stale connection check
16:04:27,743 DEBUG [HttpClientSupport$SoapUIHttpClient] Attempt 1 to execute request
16:04:27,743 DEBUG [SoapUIMultiThreadedHttpConnectionManager$SoapUIDefaultClientConnection] Sending request: POST /csp/samples/SOAP.Demo.cls HTTP/1.1
16:04:27,786 DEBUG [SoapUIMultiThreadedHttpConnectionManager$SoapUIDefaultClientConnection] Receiving response: HTTP/1.1 200 OK
16:04:27,787 DEBUG [HttpClientSupport$SoapUIHttpClient] Connection can be kept alive indefinitely
********** LE TEST GetByName TestCase S'EST TERMINE AVEC SUCCES **********
********** FIN DU TEST 2 **********
]]></system-out>
    <system-err><![CDATA[SLF4J: The requested version 1.6 by your slf4j binding is not compatible with [1.5.5, 1.5.6]
SLF4J: See http://www.slf4j.org/codes.html#version_mismatch for further details.
]]></system-err>
  </testcase>
</testsuite>